<?xml version="1.0" encoding="UTF-8"?>
<coverage generated="1510050832023" clover="3.2.0">
  <project timestamp="1510050832024" name="All files">
    <metrics statements="31" coveredstatements="31" conditionals="14" coveredconditionals="14" methods="7" coveredmethods="7" elements="52" coveredelements="52" complexity="0" loc="31" ncloc="31" packages="1" files="1" classes="1">
      <file name="index.js" path="/home/ibrahim/JSBasicsLab/src/index.js">
        <metrics statements="31" coveredstatements="31" conditionals="14" coveredconditionals="14" methods="7" coveredmethods="7"/>
        <line num="2" count="1" type="stmt"/>
        <line num="7" count="5" type="cond" truecount="2" falsecount="0"/>
        <line num="8" count="3" type="stmt"/>
        <line num="10" count="2" type="stmt"/>
        <line num="15" count="1" type="stmt"/>
        <line num="18" count="5" type="stmt"/>
        <line num="19" count="5" type="cond" truecount="2" falsecount="0"/>
        <line num="20" count="1" type="stmt"/>
        <line num="22" count="4" type="stmt"/>
        <line num="26" count="1" type="stmt"/>
        <line num="29" count="5" type="stmt"/>
        <line num="30" count="13" type="cond" truecount="2" falsecount="0"/>
        <line num="32" count="8" type="cond" truecount="2" falsecount="0"/>
        <line num="33" count="1" type="stmt"/>
        <line num="37" count="5" type="cond" truecount="2" falsecount="0"/>
        <line num="38" count="1" type="stmt"/>
        <line num="42" count="5" type="stmt"/>
        <line num="46" count="1" type="stmt"/>
        <line num="49" count="6" type="stmt"/>
        <line num="50" count="6" type="stmt"/>
        <line num="51" count="6" type="stmt"/>
        <line num="55" count="1" type="stmt"/>
        <line num="59" count="4" type="stmt"/>
        <line num="63" count="1" type="stmt"/>
        <line num="66" count="45" type="stmt"/>
        <line num="69" count="45" type="cond" truecount="2" falsecount="0"/>
        <line num="71" count="15" type="stmt"/>
        <line num="72" count="30" type="cond" truecount="2" falsecount="0"/>
        <line num="74" count="17" type="stmt"/>
        <line num="76" count="39" type="stmt"/>
        <line num="80" count="45" type="stmt"/>
      </file>
    </metrics>
  </project>
</coverage>
