{"/home/ibrahim/JSBasicsLab/src/index.js": {"path":"/home/ibrahim/JSBasicsLab/src/index.js","statementMap":{"0":{"start":{"line":2,"column":28},"end":{"line":13,"column":1}},"1":{"start":{"line":7,"column":4},"end":{"line":11,"column":5}},"2":{"start":{"line":8,"column":8},"end":{"line":8,"column":20}},"3":{"start":{"line":10,"column":8},"end":{"line":10,"column":21}},"4":{"start":{"line":15,"column":32},"end":{"line":24,"column":1}},"5":{"start":{"line":18,"column":22},"end":{"line":18,"column":36}},"6":{"start":{"line":19,"column":4},"end":{"line":23,"column":5}},"7":{"start":{"line":20,"column":8},"end":{"line":20,"column":21}},"8":{"start":{"line":22,"column":8},"end":{"line":22,"column":55}},"9":{"start":{"line":26,"column":29},"end":{"line":44,"column":1}},"10":{"start":{"line":29,"column":3},"end":{"line":40,"column":5}},"11":{"start":{"line":30,"column":4},"end":{"line":39,"column":5}},"12":{"start":{"line":32,"column":6},"end":{"line":33,"column":21}},"13":{"start":{"line":32,"column":32},"end":{"line":32,"column":59}},"14":{"start":{"line":33,"column":11},"end":{"line":33,"column":21}},"15":{"start":{"line":37,"column":6},"end":{"line":38,"column":20}},"16":{"start":{"line":37,"column":32},"end":{"line":37,"column":41}},"17":{"start":{"line":38,"column":11},"end":{"line":38,"column":20}},"18":{"start":{"line":42,"column":2},"end":{"line":42,"column":16}},"19":{"start":{"line":46,"column":29},"end":{"line":53,"column":1}},"20":{"start":{"line":49,"column":19},"end":{"line":49,"column":34}},"21":{"start":{"line":50,"column":21},"end":{"line":50,"column":41}},"22":{"start":{"line":51,"column":2},"end":{"line":51,"column":33}},"23":{"start":{"line":55,"column":28},"end":{"line":61,"column":1}},"24":{"start":{"line":59,"column":2},"end":{"line":59,"column":64}},"25":{"start":{"line":63,"column":25},"end":{"line":81,"column":1}},"26":{"start":{"line":66,"column":12},"end":{"line":66,"column":13}},"27":{"start":{"line":69,"column":4},"end":{"line":78,"column":5}},"28":{"start":{"line":71,"column":8},"end":{"line":71,"column":19}},"29":{"start":{"line":72,"column":11},"end":{"line":78,"column":5}},"30":{"start":{"line":74,"column":8},"end":{"line":77,"column":9}},"31":{"start":{"line":76,"column":12},"end":{"line":76,"column":37}},"32":{"start":{"line":80,"column":4},"end":{"line":80,"column":15}}},"fnMap":{"0":{"name":"(anonymous_0)","decl":{"start":{"line":2,"column":28},"end":{"line":2,"column":29}},"loc":{"start":{"line":2,"column":35},"end":{"line":13,"column":1}},"line":2},"1":{"name":"(anonymous_1)","decl":{"start":{"line":15,"column":32},"end":{"line":15,"column":33}},"loc":{"start":{"line":15,"column":41},"end":{"line":24,"column":1}},"line":15},"2":{"name":"(anonymous_2)","decl":{"start":{"line":26,"column":29},"end":{"line":26,"column":30}},"loc":{"start":{"line":26,"column":38},"end":{"line":44,"column":1}},"line":26},"3":{"name":"(anonymous_3)","decl":{"start":{"line":29,"column":12},"end":{"line":29,"column":13}},"loc":{"start":{"line":29,"column":26},"end":{"line":40,"column":3}},"line":29},"4":{"name":"(anonymous_4)","decl":{"start":{"line":46,"column":29},"end":{"line":46,"column":30}},"loc":{"start":{"line":46,"column":38},"end":{"line":53,"column":1}},"line":46},"5":{"name":"(anonymous_5)","decl":{"start":{"line":55,"column":28},"end":{"line":55,"column":29}},"loc":{"start":{"line":55,"column":37},"end":{"line":61,"column":1}},"line":55},"6":{"name":"(anonymous_6)","decl":{"start":{"line":63,"column":25},"end":{"line":63,"column":26}},"loc":{"start":{"line":63,"column":34},"end":{"line":81,"column":1}},"line":63}},"branchMap":{"0":{"loc":{"start":{"line":7,"column":4},"end":{"line":11,"column":5}},"type":"if","locations":[{"start":{"line":7,"column":4},"end":{"line":11,"column":5}},{"start":{"line":7,"column":4},"end":{"line":11,"column":5}}],"line":7},"1":{"loc":{"start":{"line":19,"column":4},"end":{"line":23,"column":5}},"type":"if","locations":[{"start":{"line":19,"column":4},"end":{"line":23,"column":5}},{"start":{"line":19,"column":4},"end":{"line":23,"column":5}}],"line":19},"2":{"loc":{"start":{"line":30,"column":4},"end":{"line":39,"column":5}},"type":"if","locations":[{"start":{"line":30,"column":4},"end":{"line":39,"column":5}},{"start":{"line":30,"column":4},"end":{"line":39,"column":5}}],"line":30},"3":{"loc":{"start":{"line":32,"column":6},"end":{"line":33,"column":21}},"type":"if","locations":[{"start":{"line":32,"column":6},"end":{"line":33,"column":21}},{"start":{"line":32,"column":6},"end":{"line":33,"column":21}}],"line":32},"4":{"loc":{"start":{"line":37,"column":6},"end":{"line":38,"column":20}},"type":"if","locations":[{"start":{"line":37,"column":6},"end":{"line":38,"column":20}},{"start":{"line":37,"column":6},"end":{"line":38,"column":20}}],"line":37},"5":{"loc":{"start":{"line":69,"column":4},"end":{"line":78,"column":5}},"type":"if","locations":[{"start":{"line":69,"column":4},"end":{"line":78,"column":5}},{"start":{"line":69,"column":4},"end":{"line":78,"column":5}}],"line":69},"6":{"loc":{"start":{"line":72,"column":11},"end":{"line":78,"column":5}},"type":"if","locations":[{"start":{"line":72,"column":11},"end":{"line":78,"column":5}},{"start":{"line":72,"column":11},"end":{"line":78,"column":5}}],"line":72}},"s":{"0":1,"1":5,"2":3,"3":2,"4":1,"5":5,"6":5,"7":1,"8":4,"9":1,"10":5,"11":13,"12":8,"13":7,"14":1,"15":5,"16":4,"17":1,"18":5,"19":1,"20":6,"21":6,"22":6,"23":1,"24":4,"25":1,"26":45,"27":45,"28":15,"29":30,"30":17,"31":39,"32":45},"f":{"0":5,"1":5,"2":5,"3":13,"4":6,"5":4,"6":45},"b":{"0":[3,2],"1":[1,4],"2":[8,5],"3":[7,1],"4":[4,1],"5":[15,30],"6":[17,13]},"_coverageSchema":"332fd63041d2c1bcb487cc26dd0d5f7d97098a6c","hash":"40467fc439f0776804cc9184c1d5fbb97c775827"}
}
