TN:
SF:/home/ibrahim/JSBasicsLab/src/index.js
FN:2,(anonymous_0)
FN:15,(anonymous_1)
FN:26,(anonymous_2)
FN:29,(anonymous_3)
FN:46,(anonymous_4)
FN:55,(anonymous_5)
FN:63,(anonymous_6)
FNF:7
FNH:7
FNDA:5,(anonymous_0)
FNDA:5,(anonymous_1)
FNDA:5,(anonymous_2)
FNDA:13,(anonymous_3)
FNDA:6,(anonymous_4)
FNDA:4,(anonymous_5)
FNDA:45,(anonymous_6)
DA:2,1
DA:7,5
DA:8,3
DA:10,2
DA:15,1
DA:18,5
DA:19,5
DA:20,1
DA:22,4
DA:26,1
DA:29,5
DA:30,13
DA:32,8
DA:33,1
DA:37,5
DA:38,1
DA:42,5
DA:46,1
DA:49,6
DA:50,6
DA:51,6
DA:55,1
DA:59,4
DA:63,1
DA:66,45
DA:69,45
DA:71,15
DA:72,30
DA:74,17
DA:76,39
DA:80,45
LF:31
LH:31
BRDA:7,0,0,3
BRDA:7,0,1,2
BRDA:19,1,0,1
BRDA:19,1,1,4
BRDA:30,2,0,8
BRDA:30,2,1,5
BRDA:32,3,0,7
BRDA:32,3,1,1
BRDA:37,4,0,4
BRDA:37,4,1,1
BRDA:69,5,0,15
BRDA:69,5,1,30
BRDA:72,6,0,17
BRDA:72,6,1,13
BRF:14
BRH:14
end_of_record
